<?xml version="1.0" encoding="UTF-8"?>
<testng-results ignored="0" total="1" passed="1" failed="0" skipped="0">
  <reporter-output>
  </reporter-output>
  <suite started-at="2024-01-02T22:57:51 IST" name="Suite" finished-at="2024-01-02T22:58:37 IST" duration-ms="46102">
    <groups>
    </groups>
    <test started-at="2024-01-02T22:57:51 IST" name="Test" finished-at="2024-01-02T22:58:37 IST" duration-ms="46102">
      <class name="extentReport.practice.ExtentReportDemo">
        <test-method is-config="true" signature="config()[pri:0, instance:extentReport.practice.ExtentReportDemo@53fb3dab]" started-at="2024-01-02T22:57:51 IST" name="config" finished-at="2024-01-02T22:57:52 IST" duration-ms="1050" status="PASS">
          <reporter-output>
          </reporter-output>
        </test-method> <!-- config -->
        <test-method signature="launchBrowser()[pri:0, instance:extentReport.practice.ExtentReportDemo@53fb3dab]" started-at="2024-01-02T22:57:52 IST" name="launchBrowser" finished-at="2024-01-02T22:58:37 IST" duration-ms="44924" status="PASS">
          <reporter-output>
          </reporter-output>
        </test-method> <!-- launchBrowser -->
      </class> <!-- extentReport.practice.ExtentReportDemo -->
    </test> <!-- Test -->
  </suite> <!-- Suite -->
</testng-results>
